{"timestamp":"2026-03-01T09:55:04.780Z","action":"EVENT_CREATE_OR_UPDATE","actorId":"cmm7kjjy50000hmnyzawt9abk","actorEmail":"admin@shackles.com","target":"AQUA MISSILE","status":"SUCCESS","details":{"participationMode":"TEAM","maxParticipants":50,"maxTeams":25,"isActive":true}}
{"timestamp":"2026-03-01T10:22:03.543Z","action":"EVENT_UPDATE","actorId":"cmm7kjjy50000hmnyzawt9abk","actorEmail":"admin@shackles.com","target":"cmm7kqbb8000090acvzr2g94m","status":"SUCCESS","details":{"name":"AQUA MISSILE","participationMode":"TEAM","maxParticipants":50,"maxTeams":25,"isActive":true}}
{"timestamp":"2026-03-01T10:22:08.516Z","action":"EVENT_UPDATE","actorId":"cmm7kjjy50000hmnyzawt9abk","actorEmail":"admin@shackles.com","target":"cmm7kqbb8000090acvzr2g94m","status":"SUCCESS","details":{"name":"AQUA MISSILE","participationMode":"TEAM","maxParticipants":50,"maxTeams":25,"isActive":true}}
{"timestamp":"2026-03-01T11:06:09.403Z","action":"CSV_EVENTS_EXPORT","actorId":"cmm7kjjy50000hmnyzawt9abk","actorEmail":"admin@shackles.com","status":"SUCCESS","details":{"rows":1}}
{"timestamp":"2026-03-01T11:06:09.591Z","action":"CSV_EVENTS_EXPORT","actorId":"cmm7kjjy50000hmnyzawt9abk","actorEmail":"admin@shackles.com","status":"SUCCESS","details":{"rows":1}}
{"timestamp":"2026-03-01T11:07:42.222Z","action":"EVENT_CREATE_OR_UPDATE","actorId":"cmm7kjjy50000hmnyzawt9abk","actorEmail":"admin@shackles.com","target":"ROBO WAR","status":"SUCCESS","details":{"participationMode":"TEAM","maxParticipants":20,"maxTeams":null,"isActive":true}}
{"timestamp":"2026-03-01T11:10:56.049Z","action":"EVENT_CREATE_OR_UPDATE","actorId":"cmm7kjjy50000hmnyzawt9abk","actorEmail":"admin@shackles.com","target":"ROBO SOCCOR","status":"SUCCESS","details":{"participationMode":"TEAM","maxParticipants":20,"maxTeams":null,"isActive":true}}
{"timestamp":"2026-03-01T11:23:14.331Z","action":"CSV_REGISTRATIONS_EXPORT","actorId":"cmm7kjjy50000hmnyzawt9abk","actorEmail":"admin@shackles.com","status":"SUCCESS","details":{"rows":1}}
{"timestamp":"2026-03-01T11:23:14.491Z","action":"CSV_REGISTRATIONS_EXPORT","actorId":"cmm7kjjy50000hmnyzawt9abk","actorEmail":"admin@shackles.com","status":"SUCCESS","details":{"rows":1}}
{"timestamp":"2026-03-01T11:25:42.646Z","action":"CSV_REGISTRATIONS_EXPORT","actorId":"cmm7kjjy50000hmnyzawt9abk","actorEmail":"admin@shackles.com","status":"SUCCESS","details":{"rows":1,"eventId":"cmm7kqbb8000090acvzr2g94m","eventName":"AQUA MISSILE"}}
{"timestamp":"2026-03-01T11:25:42.815Z","action":"CSV_REGISTRATIONS_EXPORT","actorId":"cmm7kjjy50000hmnyzawt9abk","actorEmail":"admin@shackles.com","status":"SUCCESS","details":{"rows":1,"eventId":"cmm7kqbb8000090acvzr2g94m","eventName":"AQUA MISSILE"}}
{"timestamp":"2026-03-01T11:26:11.488Z","action":"CSV_REGISTRATIONS_EXPORT","actorId":"cmm7kjjy50000hmnyzawt9abk","actorEmail":"admin@shackles.com","status":"SUCCESS","details":{"rows":1,"eventId":null,"eventName":null}}
{"timestamp":"2026-03-01T11:26:11.647Z","action":"CSV_REGISTRATIONS_EXPORT","actorId":"cmm7kjjy50000hmnyzawt9abk","actorEmail":"admin@shackles.com","status":"SUCCESS","details":{"rows":1,"eventId":null,"eventName":null}}
{"timestamp":"2026-03-02T03:26:49.305Z","action":"ID_CARDS_EXPORT","actorId":"cmm7kjjy50000hmnyzawt9abk","actorEmail":"admin@shackles.com","target":"GENERAL","status":"SUCCESS","details":{"count":1,"filename":"id-cards-general-2026-03-02.pdf"}}
{"timestamp":"2026-03-02T03:26:49.710Z","action":"ID_CARDS_EXPORT","actorId":"cmm7kjjy50000hmnyzawt9abk","actorEmail":"admin@shackles.com","target":"GENERAL","status":"SUCCESS","details":{"count":1,"filename":"id-cards-general-2026-03-02.pdf"}}
{"timestamp":"2026-03-02T03:34:07.100Z","action":"ID_CARDS_EXPORT","actorId":"cmm7kjjy50000hmnyzawt9abk","actorEmail":"admin@shackles.com","target":"GENERAL","status":"SUCCESS","details":{"count":1,"filename":"id-cards-general-2026-03-02.pdf"}}
{"timestamp":"2026-03-02T03:34:07.622Z","action":"ID_CARDS_EXPORT","actorId":"cmm7kjjy50000hmnyzawt9abk","actorEmail":"admin@shackles.com","target":"GENERAL","status":"SUCCESS","details":{"count":1,"filename":"id-cards-general-2026-03-02.pdf"}}
{"timestamp":"2026-03-17T06:53:56.490Z","action":"ID_CARDS_EXPORT","actorId":"cmm7kjjy50000hmnyzawt9abk","actorEmail":"admin@shackles.com","target":"GENERAL","status":"SUCCESS","details":{"count":2,"filename":"id-cards-general-2026-03-17.pdf"}}
{"timestamp":"2026-03-17T06:53:57.661Z","action":"ID_CARDS_EXPORT","actorId":"cmm7kjjy50000hmnyzawt9abk","actorEmail":"admin@shackles.com","target":"GENERAL","status":"SUCCESS","details":{"count":2,"filename":"id-cards-general-2026-03-17.pdf"}}
{"timestamp":"2026-03-17T06:56:10.982Z","action":"ID_CARDS_EXPORT","actorId":"cmm7kjjy50000hmnyzawt9abk","actorEmail":"admin@shackles.com","target":"GENERAL","status":"SUCCESS","details":{"count":2,"filename":"id-cards-general-2026-03-17.pdf"}}
{"timestamp":"2026-03-17T06:56:15.204Z","action":"ID_CARDS_EXPORT","actorId":"cmm7kjjy50000hmnyzawt9abk","actorEmail":"admin@shackles.com","target":"GENERAL","status":"SUCCESS","details":{"count":2,"filename":"id-cards-general-2026-03-17.pdf"}}
{"timestamp":"2026-03-17T06:56:46.164Z","action":"ID_CARDS_EXPORT","actorId":"cmm7kjjy50000hmnyzawt9abk","actorEmail":"admin@shackles.com","target":"GENERAL","status":"SUCCESS","details":{"count":2,"filename":"id-cards-general-2026-03-17.pdf"}}
{"timestamp":"2026-03-17T06:56:49.051Z","action":"ID_CARDS_EXPORT","actorId":"cmm7kjjy50000hmnyzawt9abk","actorEmail":"admin@shackles.com","target":"GENERAL","status":"SUCCESS","details":{"count":2,"filename":"id-cards-general-2026-03-17.pdf"}}
{"timestamp":"2026-03-19T03:17:11.049Z","action":"EVENT_CREATE_OR_UPDATE","actorId":"cmmw3iah70000teh3gpavm2un","actorEmail":"admin@shackles.com","target":"ROBO SUMO","status":"SUCCESS","details":{"participationMode":"TEAM","maxParticipants":50,"maxTeams":10,"isActive":false}}
{"timestamp":"2026-03-19T03:20:20.947Z","action":"EVENT_UPDATE","actorId":"cmmw3iah70000teh3gpavm2un","actorEmail":"admin@shackles.com","target":"cmmwwfy840000lay78sqmmba0","status":"SUCCESS","details":{"name":"ROBO SUMO","participationMode":"TEAM","maxParticipants":50,"maxTeams":10,"isActive":true}}
{"timestamp":"2026-03-22T08:43:43.304Z","action":"EVENT_CREATE_OR_UPDATE","actorId":"cmn1coz9j0000it0lvwzsrqi0","actorEmail":"admin@shackles.com","target":"ROBO SOCCOR","status":"SUCCESS","details":{"participationMode":"TEAM","maxParticipants":40,"maxTeams":10,"isActive":false}}
{"timestamp":"2026-03-22T08:43:56.146Z","action":"EVENT_UPDATE","actorId":"cmn1coz9j0000it0lvwzsrqi0","actorEmail":"admin@shackles.com","target":"cmn1iffpb001912whn5d9gjui","status":"SUCCESS","details":{"name":"ROBO SOCCOR","participationMode":"TEAM","maxParticipants":40,"maxTeams":10,"isActive":false}}
{"timestamp":"2026-03-22T08:48:11.591Z","action":"EVENT_UPDATE","actorId":"cmn1coz9j0000it0lvwzsrqi0","actorEmail":"admin@shackles.com","target":"cmn1iffpb001912whn5d9gjui","status":"SUCCESS","details":{"name":"ROBO SOCCOR","participationMode":"TEAM","maxParticipants":40,"maxTeams":10,"isActive":true}}
{"timestamp":"2026-03-22T11:15:59.855Z","action":"SCANNER_TEAM_BULK_REGISTER","actorId":"cmn1coz9j0000it0lvwzsrqi0","actorEmail":"admin@shackles.com","target":"ROBO SOCCOR","status":"FAILED","details":{"reason":"FEATURE_DISABLED","teamName":"ACCETRONZ","lockTeam":true,"submittedMemberCount":4}}
{"timestamp":"2026-03-22T11:16:07.837Z","action":"SCANNER_TEAM_BULK_REGISTER","actorId":"cmn1coz9j0000it0lvwzsrqi0","actorEmail":"admin@shackles.com","target":"ROBO SOCCOR","status":"FAILED","details":{"reason":"FEATURE_DISABLED","teamName":"ACCETRONZ","lockTeam":false,"submittedMemberCount":4}}
{"timestamp":"2026-03-22T11:32:53.567Z","action":"SCANNER_TEAM_BULK_REGISTER","actorId":"cmn1coz9j0000it0lvwzsrqi0","actorEmail":"admin@shackles.com","target":"ROBO SOCCOR","status":"FAILED","details":{"reason":"FEATURE_DISABLED","teamName":"ACCETRONZ","lockTeam":true,"submittedMemberCount":2}}
{"timestamp":"2026-03-22T11:33:07.997Z","action":"SCANNER_TEAM_BULK_REGISTER","actorId":"cmn1coz9j0000it0lvwzsrqi0","actorEmail":"admin@shackles.com","target":"ROBO SOCCOR","status":"FAILED","details":{"reason":"FEATURE_DISABLED","teamName":"ACCETRONZ","lockTeam":false,"submittedMemberCount":2}}
{"timestamp":"2026-03-22T11:33:10.700Z","action":"SCANNER_TEAM_BULK_REGISTER","actorId":"cmn1coz9j0000it0lvwzsrqi0","actorEmail":"admin@shackles.com","target":"ROBO SOCCOR","status":"FAILED","details":{"reason":"FEATURE_DISABLED","teamName":"ACCETRONZ","lockTeam":true,"submittedMemberCount":2}}
{"timestamp":"2026-03-22T11:33:27.573Z","action":"SCANNER_TEAM_BULK_REGISTER","actorId":"cmn1coz9j0000it0lvwzsrqi0","actorEmail":"admin@shackles.com","target":"ROBO SOCCOR","status":"FAILED","details":{"reason":"FEATURE_DISABLED","teamName":"ACCETRONZ","lockTeam":true,"submittedMemberCount":2}}
{"timestamp":"2026-03-22T14:44:14.978Z","action":"SCANNER_TEAM_BULK_REGISTER","actorId":"unknown","actorEmail":null,"target":"SCANNER-BULK-scanner-bulk-1774190654916-iko4b","status":"SUCCESS","details":{"teamName":"SCANNER BULK scanner-bulk-1774190654916-iko4b","lockTeam":false,"memberCount":2,"leaderShacklesId":"SH43G021"}}
{"timestamp":"2026-03-23T04:44:46.197Z","action":"SCANNER_TEAM_BULK_REGISTER","actorId":"unknown","actorEmail":null,"target":"SCANNER-BULK-scanner-bulk-1774241085971-st9u3","status":"SUCCESS","details":{"teamName":"SCANNER BULK scanner-bulk-1774241085971-st9u3","lockTeam":false,"memberCount":2,"leaderShacklesId":"SH43G021"}}
{"timestamp":"2026-03-23T04:51:10.827Z","action":"SCANNER_TEAM_BULK_REGISTER","actorId":"cmn1coz9j0000it0lvwzsrqi0","actorEmail":"admin@shackles.com","target":"ROBO SOCCOR","status":"SUCCESS","details":{"teamName":"ACCETRONZ","lockTeam":false,"memberCount":2,"leaderShacklesId":"SH26C001"}}
